#
# There is insufficient memory for the Java Runtime Environment to continue.
# Native memory allocation (malloc) failed to allocate 1048576 bytes. Error detail: AllocateHeap
# Possible reasons:
#   The system is out of physical RAM or swap space
#   This process is running with CompressedOops enabled, and the Java Heap may be blocking the growth of the native heap
# Possible solutions:
#   Reduce memory load on the system
#   Increase physical memory or swap space
#   Check if swap backing store is full
#   Decrease Java heap size (-Xmx/-Xms)
#   Decrease number of Java threads
#   Decrease Java thread stack sizes (-Xss)
#   Set larger code cache with -XX:ReservedCodeCacheSize=
#   JVM is running with Unscaled Compressed Oops mode in which the Java heap is
#     placed in the first 4GB address space. The Java Heap base address is the
#     maximum limit for the native heap growth. Please use -XX:HeapBaseMinAddress
#     to set the Java Heap base and to place the Java Heap above 4GB virtual address.
# This output file may be truncated or incomplete.
#
#  Out of Memory Error (allocation.cpp:44), pid=35544, tid=30876
#
# JRE version:  (21.0.6+7) (build )
# Java VM: OpenJDK 64-Bit Server VM (21.0.6+7-LTS, mixed mode, sharing, tiered, compressed oops, compressed class ptrs, parallel gc, windows-amd64)
# No core dump will be written. Minidumps are not enabled by default on client versions of Windows
#

---------------  S U M M A R Y ------------

Command Line: --add-modules=ALL-SYSTEM --add-opens=java.base/java.util=ALL-UNNAMED --add-opens=java.base/java.lang=ALL-UNNAMED --add-opens=java.base/sun.nio.fs=ALL-UNNAMED -Declipse.application=org.eclipse.jdt.ls.core.id1 -Dosgi.bundles.defaultStartLevel=4 -Declipse.product=org.eclipse.jdt.ls.core.product -Djava.import.generatesMetadataFilesAtProjectRoot=false -DDetectVMInstallationsJob.disabled=true -Dfile.encoding=utf8 -XX:+UseParallelGC -XX:GCTimeRatio=4 -XX:AdaptiveSizePolicyWeight=90 -Dsun.zip.disableMemoryMapping=true -Xmx1G -Xms100m -Xlog:disable -javaagent:c:\Users\Lenovo LOQ\.vscode\extensions\redhat.java-1.40.0-win32-x64\lombok\lombok-1.18.36.jar -XX:+HeapDumpOnOutOfMemoryError -XX:HeapDumpPath=c:\Users\Lenovo LOQ\AppData\Roaming\Code\User\workspaceStorage\8c7db3b1cba5fd435da5f7b94e916395\redhat.java -Daether.dependencyCollector.impl=bf c:\Users\Lenovo LOQ\.vscode\extensions\redhat.java-1.40.0-win32-x64\server\plugins\org.eclipse.equinox.launcher_1.6.1000.v20250131-0606.jar -configuration c:\Users\Lenovo LOQ\AppData\Roaming\Code\User\globalStorage\redhat.java\1.40.0\config_win -data c:\Users\Lenovo LOQ\AppData\Roaming\Code\User\workspaceStorage\8c7db3b1cba5fd435da5f7b94e916395\redhat.java\jdt_ws --pipe=\\.\pipe\lsp-0a278a78a46263b3d55013c16b2a19cd-sock

Host: 12th Gen Intel(R) Core(TM) i5-12450HX, 12 cores, 15G,  Windows 11 , 64 bit Build 26100 (10.0.26100.3360)
Time: Mon Mar 17 21:10:45 2025 Türkiye Standart Saati elapsed time: 3.788746 seconds (0d 0h 0m 3s)

---------------  T H R E A D  ---------------

Current thread (0x000001be82c9ad80):  JavaThread "Unknown thread" [_thread_in_vm, id=30876, stack(0x0000000460200000,0x0000000460300000) (1024K)]

Stack: [0x0000000460200000,0x0000000460300000]
Native frames: (J=compiled Java code, j=interpreted, Vv=VM code, C=native code)
V  [jvm.dll+0x6cdee9]
V  [jvm.dll+0x8a83d1]
V  [jvm.dll+0x8aa8fe]
V  [jvm.dll+0x8aafe3]
V  [jvm.dll+0x27f706]
V  [jvm.dll+0xbfb37]
V  [jvm.dll+0x70b79d]
V  [jvm.dll+0x70be5c]
V  [jvm.dll+0x6dcc18]
V  [jvm.dll+0x871cdc]
V  [jvm.dll+0x3bc2dc]
V  [jvm.dll+0x85a868]
V  [jvm.dll+0x45066e]
V  [jvm.dll+0x4522b1]
C  [jli.dll+0x5278]
C  [ucrtbase.dll+0x37b0]
C  [KERNEL32.DLL+0x2e8d7]
C  [ntdll.dll+0xb197c]


---------------  P R O C E S S  ---------------

Threads class SMR info:
_java_thread_list=0x000001be85049520, length=1, elements={
0x000001be82c9ad80
}

Java Threads: ( => current thread )
=>0x000001be82c9ad80 JavaThread "Unknown thread"             [_thread_in_vm, id=30876, stack(0x0000000460200000,0x0000000460300000) (1024K)]
Total: 1

Other Threads:
  0x000001be992eba00 WatcherThread "VM Periodic Task Thread"        [id=19200, stack(0x0000000460400000,0x0000000460500000) (1024K)]
  0x000001be850400d0 WorkerThread "GC Thread#0"                     [id=35396, stack(0x0000000460300000,0x0000000460400000) (1024K)]
Total: 2

Threads with active compile tasks:
Total: 0

VM state: not at safepoint (normal execution)

VM Mutex/Monitor currently owned by a thread: None

Heap address: 0x00000000c0000000, size: 1024 MB, Compressed Oops mode: 32-bit

CDS archive(s) mapped at: [0x000001be9a000000-0x000001be9aba0000-0x000001be9aba0000), size 12189696, SharedBaseAddress: 0x000001be9a000000, ArchiveRelocationMode: 1.
Compressed class space mapped at: 0x000001be9b000000-0x000001bedb000000, reserved size: 1073741824
Narrow klass base: 0x000001be9a000000, Narrow klass shift: 0, Narrow klass range: 0x100000000

GC Precious Log:
 CardTable entry size: 512
 CPUs: 12 total, 12 available
 Memory: 16091M
 Large Page Support: Disabled
 NUMA Support: Disabled
 Compressed Oops: Enabled (32-bit)
 Alignments: Space 512K, Generation 512K, Heap 2M
 Heap Min Capacity: 100M
 Heap Initial Capacity: 100M
 Heap Max Capacity: 1G
 Pre-touch: Disabled
 Parallel Workers: 10

Heap:
 PSYoungGen      total 29696K, used 512K [0x00000000eab00000, 0x00000000ecc00000, 0x0000000100000000)
  eden space 25600K, 2% used [0x00000000eab00000,0x00000000eab80020,0x00000000ec400000)
  from space 4096K, 0% used [0x00000000ec800000,0x00000000ec800000,0x00000000ecc00000)
  to   space 4096K, 0% used [0x00000000ec400000,0x00000000ec400000,0x00000000ec800000)
 ParOldGen       total 68608K, used 0K [0x00000000c0000000, 0x00000000c4300000, 0x00000000eab00000)
  object space 68608K, 0% used [0x00000000c0000000,0x00000000c0000000,0x00000000c4300000)
 Metaspace       used 0K, committed 0K, reserved 1048576K
  class space    used 0K, committed 0K, reserved 1048576K

Card table byte_map: [0x000001be849c0000,0x000001be84bd0000] _byte_map_base: 0x000001be843c0000

Marking Bits: (ParMarkBitMap*) 0x00007ffe01333260
 Begin Bits: [0x000001be97210000, 0x000001be98210000)
 End Bits:   [0x000001be98210000, 0x000001be99210000)

Polling page: 0x000001be82e40000

Metaspace:

Usage:
  Non-class:      0 bytes used.
      Class:      0 bytes used.
       Both:      0 bytes used.

Virtual space:
  Non-class space:        0 bytes reserved,       0 bytes (  ?%) committed,  0 nodes.
      Class space:        1.00 GB reserved,       0 bytes (  0%) committed,  1 nodes.
             Both:        1.00 GB reserved,       0 bytes (  0%) committed. 

Chunk freelists:
   Non-Class:  0 bytes
       Class:  16.00 MB
        Both:  16.00 MB

MaxMetaspaceSize: unlimited
CompressedClassSpaceSize: 1.00 GB
Initial GC threshold: 21.00 MB
Current GC threshold: 17179869184.00 GB
CDS: on
 - commit_granule_bytes: 65536.
 - commit_granule_words: 8192.
 - virtual_space_node_default_size: 8388608.
 - enlarge_chunks_in_place: 1.
 - use_allocation_guard: 0.


Internal statistics:

num_allocs_failed_limit: 0.
num_arena_births: 0.
num_arena_deaths: 0.
num_vsnodes_births: 1.
num_vsnodes_deaths: 0.
num_space_committed: 0.
num_space_uncommitted: 0.
num_chunks_returned_to_freelist: 0.
num_chunks_taken_from_freelist: 1.
num_chunk_merges: 0.
num_chunk_splits: 1.
num_chunks_enlarged: 0.
num_inconsistent_stats: 0.

CodeHeap 'non-profiled nmethods': size=120000Kb used=0Kb max_used=0Kb free=120000Kb
 bounds [0x000001be8fce0000, 0x000001be8ff50000, 0x000001be97210000]
CodeHeap 'profiled nmethods': size=120000Kb used=0Kb max_used=0Kb free=120000Kb
 bounds [0x000001be88210000, 0x000001be88480000, 0x000001be8f740000]
CodeHeap 'non-nmethods': size=5760Kb used=194Kb max_used=342Kb free=5565Kb
 bounds [0x000001be8f740000, 0x000001be8f9b0000, 0x000001be8fce0000]
 total_blobs=70 nmethods=0 adapters=48
 compilation: enabled
              stopped_count=0, restarted_count=0
 full_count=0

Compilation events (0 events):
No events

GC Heap History (0 events):
No events

Dll operation events (1 events):
Event: 0.017 Loaded shared library c:\Users\Lenovo LOQ\.vscode\extensions\redhat.java-1.40.0-win32-x64\jre\21.0.6-win32-x86_64\bin\java.dll

Deoptimization events (0 events):
No events

Classes loaded (0 events):
No events

Classes unloaded (0 events):
No events

Classes redefined (0 events):
No events

Internal exceptions (0 events):
No events

ZGC Phase Switch (0 events):
No events

VM Operations (0 events):
No events

Memory protections (0 events):
No events

Nmethod flushes (0 events):
No events

Events (1 events):
Event: 2.430 Thread 0x000001be82c9ad80 Thread added: 0x000001be82c9ad80


Dynamic libraries:
0x00007ff65ed90000 - 0x00007ff65ed9e000 	c:\Users\Lenovo LOQ\.vscode\extensions\redhat.java-1.40.0-win32-x64\jre\21.0.6-win32-x86_64\bin\java.exe
0x00007ffed04a0000 - 0x00007ffed0700000 	C:\WINDOWS\SYSTEM32\ntdll.dll
0x00007ffece690000 - 0x00007ffece757000 	C:\WINDOWS\System32\KERNEL32.DLL
0x00007ffecd710000 - 0x00007ffecdad9000 	C:\WINDOWS\System32\KERNELBASE.dll
0x00007ffecdc20000 - 0x00007ffecdd6c000 	C:\WINDOWS\System32\ucrtbase.dll
0x00007ffe17500000 - 0x00007ffe17518000 	c:\Users\Lenovo LOQ\.vscode\extensions\redhat.java-1.40.0-win32-x64\jre\21.0.6-win32-x86_64\bin\jli.dll
0x00007ffe19610000 - 0x00007ffe1962e000 	c:\Users\Lenovo LOQ\.vscode\extensions\redhat.java-1.40.0-win32-x64\jre\21.0.6-win32-x86_64\bin\VCRUNTIME140.dll
0x00007ffed0280000 - 0x00007ffed0449000 	C:\WINDOWS\System32\USER32.dll
0x00007ffecdd70000 - 0x00007ffecdd97000 	C:\WINDOWS\System32\win32u.dll
0x00007ffea2d80000 - 0x00007ffea3017000 	C:\WINDOWS\WinSxS\amd64_microsoft.windows.common-controls_6595b64144ccf1df_6.0.26100.3380_none_3e0ec6aae32e8fb7\COMCTL32.dll
0x00007ffed0250000 - 0x00007ffed027a000 	C:\WINDOWS\System32\GDI32.dll
0x00007ffece790000 - 0x00007ffece839000 	C:\WINDOWS\System32\msvcrt.dll
0x00007ffecdae0000 - 0x00007ffecdc11000 	C:\WINDOWS\System32\gdi32full.dll
0x00007ffece070000 - 0x00007ffece113000 	C:\WINDOWS\System32\msvcp_win.dll
0x00007ffece940000 - 0x00007ffece96f000 	C:\WINDOWS\System32\IMM32.DLL
0x00007ffea9950000 - 0x00007ffea995c000 	c:\Users\Lenovo LOQ\.vscode\extensions\redhat.java-1.40.0-win32-x64\jre\21.0.6-win32-x86_64\bin\vcruntime140_1.dll
0x00007ffe01410000 - 0x00007ffe0149d000 	c:\Users\Lenovo LOQ\.vscode\extensions\redhat.java-1.40.0-win32-x64\jre\21.0.6-win32-x86_64\bin\msvcp140.dll
0x00007ffe00680000 - 0x00007ffe01410000 	c:\Users\Lenovo LOQ\.vscode\extensions\redhat.java-1.40.0-win32-x64\jre\21.0.6-win32-x86_64\bin\server\jvm.dll
0x00007ffececb0000 - 0x00007ffeced62000 	C:\WINDOWS\System32\ADVAPI32.dll
0x00007ffece840000 - 0x00007ffece8e6000 	C:\WINDOWS\System32\sechost.dll
0x00007ffeceb20000 - 0x00007ffecec36000 	C:\WINDOWS\System32\RPCRT4.dll
0x00007ffed00c0000 - 0x00007ffed0134000 	C:\WINDOWS\System32\WS2_32.dll
0x00007ffec9e70000 - 0x00007ffec9ea6000 	C:\WINDOWS\SYSTEM32\WINMM.dll
0x00007ffecc960000 - 0x00007ffecc9be000 	C:\WINDOWS\SYSTEM32\POWRPROF.dll
0x00007ffebff20000 - 0x00007ffebff2b000 	C:\WINDOWS\SYSTEM32\VERSION.dll
0x00007ffecc830000 - 0x00007ffecc844000 	C:\WINDOWS\SYSTEM32\UMPDC.dll
0x00007ffecc4c0000 - 0x00007ffecc4da000 	C:\WINDOWS\SYSTEM32\kernel.appcore.dll
0x00007ffea7e50000 - 0x00007ffea7e5a000 	c:\Users\Lenovo LOQ\.vscode\extensions\redhat.java-1.40.0-win32-x64\jre\21.0.6-win32-x86_64\bin\jimage.dll
0x00007ffecad70000 - 0x00007ffecafb1000 	C:\WINDOWS\SYSTEM32\DBGHELP.DLL
0x00007ffeced80000 - 0x00007ffecf102000 	C:\WINDOWS\System32\combase.dll
0x00007ffece530000 - 0x00007ffece606000 	C:\WINDOWS\System32\OLEAUT32.dll
0x00007ffeb1830000 - 0x00007ffeb1869000 	C:\WINDOWS\SYSTEM32\dbgcore.DLL
0x00007ffecdda0000 - 0x00007ffecde39000 	C:\WINDOWS\System32\bcryptPrimitives.dll
0x00007ffeb2ad0000 - 0x00007ffeb2adf000 	c:\Users\Lenovo LOQ\.vscode\extensions\redhat.java-1.40.0-win32-x64\jre\21.0.6-win32-x86_64\bin\instrument.dll
0x00007ffe17390000 - 0x00007ffe173af000 	c:\Users\Lenovo LOQ\.vscode\extensions\redhat.java-1.40.0-win32-x64\jre\21.0.6-win32-x86_64\bin\java.dll

dbghelp: loaded successfully - version: 4.0.5 - missing functions: none
symbol engine: initialized successfully - sym options: 0x614 - pdb path: .;c:\Users\Lenovo LOQ\.vscode\extensions\redhat.java-1.40.0-win32-x64\jre\21.0.6-win32-x86_64\bin;C:\WINDOWS\SYSTEM32;C:\WINDOWS\WinSxS\amd64_microsoft.windows.common-controls_6595b64144ccf1df_6.0.26100.3380_none_3e0ec6aae32e8fb7;c:\Users\Lenovo LOQ\.vscode\extensions\redhat.java-1.40.0-win32-x64\jre\21.0.6-win32-x86_64\bin\server

VM Arguments:
jvm_args: --add-modules=ALL-SYSTEM --add-opens=java.base/java.util=ALL-UNNAMED --add-opens=java.base/java.lang=ALL-UNNAMED --add-opens=java.base/sun.nio.fs=ALL-UNNAMED -Declipse.application=org.eclipse.jdt.ls.core.id1 -Dosgi.bundles.defaultStartLevel=4 -Declipse.product=org.eclipse.jdt.ls.core.product -Djava.import.generatesMetadataFilesAtProjectRoot=false -DDetectVMInstallationsJob.disabled=true -Dfile.encoding=utf8 -XX:+UseParallelGC -XX:GCTimeRatio=4 -XX:AdaptiveSizePolicyWeight=90 -Dsun.zip.disableMemoryMapping=true -Xmx1G -Xms100m -Xlog:disable -javaagent:c:\Users\Lenovo LOQ\.vscode\extensions\redhat.java-1.40.0-win32-x64\lombok\lombok-1.18.36.jar -XX:+HeapDumpOnOutOfMemoryError -XX:HeapDumpPath=c:\Users\Lenovo LOQ\AppData\Roaming\Code\User\workspaceStorage\8c7db3b1cba5fd435da5f7b94e916395\redhat.java -Daether.dependencyCollector.impl=bf 
java_command: c:\Users\Lenovo LOQ\.vscode\extensions\redhat.java-1.40.0-win32-x64\server\plugins\org.eclipse.equinox.launcher_1.6.1000.v20250131-0606.jar -configuration c:\Users\Lenovo LOQ\AppData\Roaming\Code\User\globalStorage\redhat.java\1.40.0\config_win -data c:\Users\Lenovo LOQ\AppData\Roaming\Code\User\workspaceStorage\8c7db3b1cba5fd435da5f7b94e916395\redhat.java\jdt_ws --pipe=\\.\pipe\lsp-0a278a78a46263b3d55013c16b2a19cd-sock
java_class_path (initial): c:\Users\Lenovo LOQ\.vscode\extensions\redhat.java-1.40.0-win32-x64\server\plugins\org.eclipse.equinox.launcher_1.6.1000.v20250131-0606.jar
Launcher Type: SUN_STANDARD

[Global flags]
    uintx AdaptiveSizePolicyWeight                 = 90                                        {product} {command line}
     intx CICompilerCount                          = 4                                         {product} {ergonomic}
    uintx GCTimeRatio                              = 4                                         {product} {command line}
     bool HeapDumpOnOutOfMemoryError               = true                                   {manageable} {command line}
    ccstr HeapDumpPath                             = c:\Users\Lenovo LOQ\AppData\Roaming\Code\User\workspaceStorage\8c7db3b1cba5fd435da5f7b94e916395\redhat.java         {manageable} {command line}
   size_t InitialHeapSize                          = 104857600                                 {product} {command line}
   size_t MaxHeapSize                              = 1073741824                                {product} {command line}
   size_t MaxNewSize                               = 357564416                                 {product} {ergonomic}
   size_t MinHeapDeltaBytes                        = 524288                                    {product} {ergonomic}
   size_t MinHeapSize                              = 104857600                                 {product} {command line}
   size_t NewSize                                  = 34603008                                  {product} {ergonomic}
    uintx NonNMethodCodeHeapSize                   = 5839372                                {pd product} {ergonomic}
    uintx NonProfiledCodeHeapSize                  = 122909434                              {pd product} {ergonomic}
   size_t OldSize                                  = 70254592                                  {product} {ergonomic}
    uintx ProfiledCodeHeapSize                     = 122909434                              {pd product} {ergonomic}
    uintx ReservedCodeCacheSize                    = 251658240                              {pd product} {ergonomic}
     bool SegmentedCodeCache                       = true                                      {product} {ergonomic}
   size_t SoftMaxHeapSize                          = 1073741824                             {manageable} {ergonomic}
     bool UseCompressedOops                        = true                           {product lp64_product} {ergonomic}
     bool UseLargePagesIndividualAllocation        = false                                  {pd product} {ergonomic}
     bool UseParallelGC                            = true                                      {product} {command line}

Logging:
Log output configuration:
 #0: stdout all=off uptime,level,tags foldmultilines=false
 #1: stderr all=off uptime,level,tags foldmultilines=false

Environment Variables:
PATH=C:\Users\Lenovo LOQ\AppData\Local\cloud-code\installer\google-cloud-sdk\bin;C:\Program Files (x86)\Microsoft\Edge\Application;C:\WINDOWS\system32;C:\WINDOWS;C:\WINDOWS\System32\Wbem;C:\WINDOWS\System32\WindowsPowerShell\v1.0\;C:\WINDOWS\System32\OpenSSH\;C:\Program Files (x86)\NVIDIA Corporation\PhysX\Common;C:\Program Files\NVIDIA Corporation\NVIDIA NvDLISR;C:\Program Files\Microsoft SQL Server\150\Tools\Binn\;C:\Program Files\AzureConnectedMachineAgent\;C:\Program Files\dotnet\;C:\Program Files\nodejs\;C:\Program Files\Microsoft SQL Server\Client SDK\ODBC\170\Tools\Binn\;C:\Program Files (x86)\Windows Kits\10\Windows Performance Toolkit\;C:\Program Files\Git\cmd;C:\ProgramData\chocolatey\bin;C:\Users\Lenovo LOQ\AppData\Local\Programs\Eclipse Adoptium\jdk-21.0.5.11-hotspot\bin;C:\Users\Lenovo LOQ\AppData\Local\Programs\Quarto\bin;C:\Ruby33-x64\bin;C:\Users\Lenovo LOQ\AppData\Local\Microsoft\WindowsApps;C:\Users\Lenovo LOQ\AppData\Local\Programs\Microsoft VS Code\bin;C:\Users\Lenovo LOQ\AppData\Local\GitHubDesktop\bin;C:\Users\Lenovo LOQ\AppData\Local\Microsoft\WinGet\Packages\Schniz.fnm_Microsoft.Winget.Source_8wekyb3d8bbwe;C:\Users\Lenovo LOQ\AppData\Local\Programs\Azure Dev CLI\;C:\Users\Lenovo LOQ\.dotnet\tools;C:\Users\Lenovo LOQ\AppData\Roaming\npm;C:\Users\Lenovo LOQ\AppData\Local\Pandoc\;C:\Users\Lenovo LOQ\AppData\Local\Google\Cloud SDK\google-cloud-sdk\bin;C:\Program Files (x86)\Google\Cloud SDK\google-cloud-sdk\bin;C:\Program Files\Google\Cloud SDK\google-cloud-sdk\bin
USERNAME=Lenovo LOQ
OS=Windows_NT
PROCESSOR_IDENTIFIER=Intel64 Family 6 Model 151 Stepping 2, GenuineIntel
TMP=C:\Users\LENOVO~1\AppData\Local\Temp
TEMP=C:\Users\LENOVO~1\AppData\Local\Temp




Periodic native trim disabled

---------------  S Y S T E M  ---------------

OS:
 Windows 11 , 64 bit Build 26100 (10.0.26100.3360)
OS uptime: 1 days 2:18 hours
Hyper-V role detected

CPU: total 12 (initial active 12) (6 cores per cpu, 2 threads per core) family 6 model 151 stepping 2 microcode 0x35, cx8, cmov, fxsr, ht, mmx, 3dnowpref, sse, sse2, sse3, ssse3, sse4.1, sse4.2, popcnt, lzcnt, tsc, tscinvbit, avx, avx2, aes, erms, clmul, bmi1, bmi2, adx, sha, fma, vzeroupper, clflush, clflushopt, clwb, hv, serialize, rdtscp, rdpid, fsrm, f16c, cet_ibt, cet_ss
Processor Information for processor 0
  Max Mhz: 2400, Current Mhz: 2400, Mhz Limit: 2400
Processor Information for processor 1
  Max Mhz: 2400, Current Mhz: 2400, Mhz Limit: 2400
Processor Information for processor 2
  Max Mhz: 2400, Current Mhz: 2400, Mhz Limit: 2400
Processor Information for processor 3
  Max Mhz: 2400, Current Mhz: 2400, Mhz Limit: 2400
Processor Information for processor 4
  Max Mhz: 2400, Current Mhz: 2400, Mhz Limit: 2400
Processor Information for processor 5
  Max Mhz: 2400, Current Mhz: 2400, Mhz Limit: 2400
Processor Information for processor 6
  Max Mhz: 2400, Current Mhz: 2400, Mhz Limit: 2400
Processor Information for processor 7
  Max Mhz: 2400, Current Mhz: 2400, Mhz Limit: 2400
Processor Information for processor 8
  Max Mhz: 2400, Current Mhz: 1466, Mhz Limit: 2400
Processor Information for processor 9
  Max Mhz: 2400, Current Mhz: 1466, Mhz Limit: 2400
Processor Information for processor 10
  Max Mhz: 2400, Current Mhz: 1466, Mhz Limit: 2400
Processor Information for processor 11
  Max Mhz: 2400, Current Mhz: 1466, Mhz Limit: 2400

Memory: 4k page, system-wide physical 16091M (3504M free)
TotalPageFile size 35547M (AvailPageFile size 23M)
current process WorkingSet (physical memory assigned to process): 26M, peak: 26M
current process commit charge ("private bytes"): 182M, peak: 183M

vm_info: OpenJDK 64-Bit Server VM (21.0.6+7-LTS) for windows-amd64 JRE (21.0.6+7-LTS), built on 2025-01-21T00:00:00Z by "admin" with MS VC++ 17.7 (VS2022)

END.
